F2 
0B 
A4 
5A 
AD 
38 
F2 
0B 
A4 
B9 
CE 
6B 
86 
DD 
60 
00 
00 
00 
00 
10 
3A 
40 
FD 
10 
20 
20 
C5 
C1 
03 
67 
7A 
89 
57 
45 
5E 
A9 
07 
E4 
FD 
10 
20 
20 
C5 
C1 
03 
67 
E1 
5F 
7B 
C8 
97 
A3 
CF 
9D 
80 
00 
07 
6E 
3E 
3C 
5F 
7A 
5E 
B1 
D6 
84 
00 
06 
DB 
DA 
 
 
 
F2 
0B 
A4 
B9 
CE 
6B 
F2 
0B 
A4 
5A 
AD 
38 
86 
DD 
60 
00 
00 
00 
00 
10 
3A 
40 
FD 
10 
20 
20 
C5 
C1 
03 
67 
E1 
5F 
7B 
C8 
97 
A3 
CF 
9D 
FD 
10 
20 
20 
C5 
C1 
03 
67 
7A 
89 
57 
45 
5E 
A9 
07 
E4 
81 
00 
06 
6E 
3E 
3C 
5F 
7A 
5E 
B1 
D6 
84 
00 
06 
DB 
DA 
 
 
 
33 
33 
FF 
C9 
D4 
9B 
F2 
0B 
A4 
5A 
AD 
38 
86 
DD 
60 
00 
00 
00 
00 
20 
3A 
FF 
FD 
10 
20 
20 
C5 
C1 
03 
67 
E1 
5F 
7B 
C8 
97 
A3 
CF 
9D 
FF 
02 
00 
00 
00 
00 
00 
00 
00 
00 
00 
01 
FF 
C9 
D4 
9B 
87 
00 
F6 
F5 
00 
00 
00 
00 
FD 
10 
20 
20 
C5 
C1 
03 
67 
2F 
C6 
00 
5C 
D3 
C9 
D4 
9B 
01 
01 
F2 
0B 
A4 
5A 
AD 
38 
 
 
 
F2 
0B 
A4 
B9 
CE 
6B 
F2 
0B 
A4 
5A 
AD 
38 
86 
DD 
60 
00 
00 
00 
00 
10 
3A 
40 
FD 
10 
20 
20 
C5 
C1 
03 
67 
E1 
5F 
7B 
C8 
97 
A3 
CF 
9D 
FD 
10 
20 
20 
C5 
C1 
03 
67 
7A 
89 
57 
45 
5E 
A9 
07 
E4 
81 
00 
02 
C4 
3E 
3C 
5F 
7B 
5E 
B1 
D6 
85 
00 
06 
DF 
82 
 
 
 
F2 
0B 
A4 
B9 
CE 
6B 
F2 
0B 
A4 
5A 
AD 
38 
86 
DD 
60 
00 
00 
00 
00 
10 
3A 
40 
FD 
10 
20 
20 
C5 
C1 
03 
67 
E1 
5F 
7B 
C8 
97 
A3 
CF 
9D 
FD 
10 
20 
20 
C5 
C1 
03 
67 
7A 
89 
57 
45 
5E 
A9 
07 
E4 
81 
00 
FF 
2C 
3E 
3C 
5F 
7C 
5E 
B1 
D6 
86 
00 
06 
E3 
17 
 
 
 
F2 
0B 
A4 
B9 
CE 
6B 
F2 
0B 
A4 
5A 
AD 
38 
86 
DD 
60 
00 
00 
00 
00 
10 
3A 
40 
FD 
10 
20 
20 
C5 
C1 
03 
67 
E1 
5F 
7B 
C8 
97 
A3 
CF 
9D 
FD 
10 
20 
20 
C5 
C1 
03 
67 
7A 
89 
57 
45 
5E 
A9 
07 
E4 
81 
00 
FB 
D2 
3E 
3C 
5F 
7D 
5E 
B1 
D6 
87 
00 
06 
E6 
6F 
 
 
 
F2 
0B 
A4 
B9 
CE 
6B 
F2 
0B 
A4 
5A 
AD 
38 
86 
DD 
60 
00 
00 
00 
00 
10 
3A 
40 
FD 
10 
20 
20 
C5 
C1 
03 
67 
E1 
5F 
7B 
C8 
97 
A3 
CF 
9D 
FD 
10 
20 
20 
C5 
C1 
03 
67 
7A 
89 
57 
45 
5E 
A9 
07 
E4 
81 
00 
1F 
1F 
3E 
3C 
5F 
7E 
5E 
B1 
D6 
88 
00 
06 
C3 
21 
 
 
 
F2 
0B 
A4 
B9 
CE 
6B 
F2 
0B 
A4 
5A 
AD 
38 
86 
DD 
60 
00 
00 
00 
00 
10 
3A 
40 
FD 
10 
20 
20 
C5 
C1 
03 
67 
E1 
5F 
7B 
C8 
97 
A3 
CF 
9D 
FD 
10 
20 
20 
C5 
C1 
03 
67 
7A 
89 
57 
45 
5E 
A9 
07 
E4 
81 
00 
F4 
BC 
3E 
3C 
5F 
7F 
5E 
B1 
D6 
89 
00 
06 
ED 
81 
 
 
 
F2 
0B 
A4 
B9 
CE 
6B 
F2 
0B 
A4 
5A 
AD 
38 
86 
DD 
60 
00 
00 
00 
00 
10 
3A 
40 
FD 
10 
20 
20 
C5 
C1 
03 
67 
E1 
5F 
7B 
C8 
97 
A3 
CF 
9D 
FD 
10 
20 
20 
C5 
C1 
03 
67 
7A 
89 
57 
45 
5E 
A9 
07 
E4 
81 
00 
18 
7F 
3E 
3C 
5F 
80 
5E 
B1 
D6 
8A 
00 
06 
C9 
BD 
 
 
 
F2 
0B 
A4 
B9 
CE 
6B 
F2 
0B 
A4 
5A 
AD 
38 
86 
DD 
60 
00 
00 
00 
00 
10 
3A 
40 
FD 
10 
20 
20 
C5 
C1 
03 
67 
E1 
5F 
7B 
C8 
97 
A3 
CF 
9D 
FD 
10 
20 
20 
C5 
C1 
03 
67 
7A 
89 
57 
45 
5E 
A9 
07 
E4 
81 
00 
14 
92 
3E 
3C 
5F 
81 
5E 
B1 
D6 
8B 
00 
06 
CD 
A8 
 
 
 
F2 
0B 
A4 
B9 
CE 
6B 
F2 
0B 
A4 
5A 
AD 
38 
86 
DD 
60 
00 
00 
00 
00 
10 
3A 
40 
FD 
10 
20 
20 
C5 
C1 
03 
67 
E1 
5F 
7B 
C8 
97 
A3 
CF 
9D 
FD 
10 
20 
20 
C5 
C1 
03 
67 
7A 
89 
57 
45 
5E 
A9 
07 
E4 
81 
00 
10 
80 
3E 
3C 
5F 
82 
5E 
B1 
D6 
8C 
00 
06 
D1 
B8 
 
 
 
F2 
0B 
A4 
8A 
87 
23 
F2 
0B 
A4 
5A 
AD 
38 
86 
DD 
60 
00 
00 
00 
00 
10 
3A 
40 
FD 
10 
20 
20 
C5 
C1 
03 
67 
E1 
5F 
7B 
C8 
97 
A3 
CF 
9D 
FD 
10 
20 
20 
C5 
C1 
03 
67 
CC 
4E 
FB 
1F 
6B 
71 
6A 
6B 
80 
00 
E4 
E3 
0F 
20 
00 
00 
5E 
B1 
D6 
8C 
00 
0F 
27 
FB 
 
 
 
F2 
0B 
A4 
B9 
CE 
6B 
F2 
0B 
A4 
5A 
AD 
38 
86 
DD 
60 
00 
00 
00 
00 
10 
3A 
40 
FD 
10 
20 
20 
C5 
C1 
03 
67 
E1 
5F 
7B 
C8 
97 
A3 
CF 
9D 
FD 
10 
20 
20 
C5 
C1 
03 
67 
7A 
89 
57 
45 
5E 
A9 
07 
E4 
81 
00 
0D 
7B 
3E 
3C 
5F 
83 
5E 
B1 
D6 
8D 
00 
06 
D4 
BB 
 
 
 
F2 
0B 
A4 
B9 
CE 
6B 
F2 
0B 
A4 
5A 
AD 
38 
86 
DD 
60 
00 
00 
00 
00 
10 
3A 
40 
FD 
10 
20 
20 
C5 
C1 
03 
67 
E1 
5F 
7B 
C8 
97 
A3 
CF 
9D 
FD 
10 
20 
20 
C5 
C1 
03 
67 
7A 
89 
57 
45 
5E 
A9 
07 
E4 
81 
00 
09 
CD 
3E 
3C 
5F 
84 
5E 
B1 
D6 
8E 
00 
06 
D8 
67 
 
 
 
33 
33 
FF 
B0 
45 
2B 
F2 
0B 
A4 
5A 
AD 
38 
86 
DD 
60 
00 
00 
00 
00 
20 
3A 
FF 
FD 
10 
20 
20 
C5 
C1 
03 
67 
E1 
5F 
7B 
C8 
97 
A3 
CF 
9D 
FF 
02 
00 
00 
00 
00 
00 
00 
00 
00 
00 
01 
FF 
B0 
45 
2B 
87 
00 
61 
37 
00 
00 
00 
00 
FD 
10 
20 
20 
C5 
C1 
03 
67 
A4 
1E 
39 
D5 
DA 
B0 
45 
2B 
01 
01 
F2 
0B 
A4 
5A 
AD 
38 
 
 
 
F2 
0B 
A4 
B9 
CE 
6B 
F2 
0B 
A4 
5A 
AD 
38 
86 
DD 
60 
00 
00 
00 
00 
10 
3A 
40 
FD 
10 
20 
20 
C5 
C1 
03 
67 
E1 
5F 
7B 
C8 
97 
A3 
CF 
9D 
FD 
10 
20 
20 
C5 
C1 
03 
67 
7A 
89 
57 
45 
5E 
A9 
07 
E4 
81 
00 
06 
D8 
3E 
3C 
5F 
85 
5E 
B1 
D6 
8F 
00 
06 
DB 
5A 
 
 
 
F2 
0B 
A4 
06 
96 
D4 
F2 
0B 
A4 
5A 
AD 
38 
86 
DD 
60 
04 
00 
02 
00 
28 
06 
40 
FD 
10 
20 
20 
C5 
C1 
03 
67 
E1 
5F 
7B 
C8 
97 
A3 
CF 
9D 
FD 
10 
20 
20 
C5 
C1 
03 
67 
6A 
24 
60 
C7 
41 
53 
37 
63 
C0 
67 
00 
50 
D1 
F9 
96 
99 
00 
00 
00 
00 
A0 
02 
80 
00 
CA 
0C 
00 
00 
02 
04 
05 
A0 
01 
03 
03 
03 
04 
02 
08 
0A 
00 
00 
00 
01 
00 
00 
00 
00 
 
 
 
F2 
0B 
A4 
06 
96 
D4 
F2 
0B 
A4 
5A 
AD 
38 
86 
DD 
60 
04 
00 
02 
00 
28 
06 
40 
FD 
10 
20 
20 
C5 
C1 
03 
67 
E1 
5F 
7B 
C8 
97 
A3 
CF 
9D 
FD 
10 
20 
20 
C5 
C1 
03 
67 
6A 
24 
60 
C7 
41 
53 
37 
63 
C0 
67 
00 
50 
D1 
F9 
96 
99 
00 
00 
00 
00 
A0 
02 
80 
00 
CA 
0C 
00 
00 
02 
04 
05 
A0 
01 
03 
03 
03 
04 
02 
08 
0A 
00 
00 
00 
01 
00 
00 
00 
00 
 
 
 
F2 
0B 
A4 
06 
96 
D4 
F2 
0B 
A4 
5A 
AD 
38 
86 
DD 
60 
04 
00 
02 
00 
28 
06 
40 
FD 
10 
20 
20 
C5 
C1 
03 
67 
E1 
5F 
7B 
C8 
97 
A3 
CF 
9D 
FD 
10 
20 
20 
C5 
C1 
03 
67 
6A 
24 
60 
C7 
41 
53 
37 
63 
C0 
67 
00 
50 
D1 
F9 
96 
99 
00 
00 
00 
00 
A0 
02 
80 
00 
CA 
0C 
00 
00 
02 
04 
05 
A0 
01 
03 
03 
03 
04 
02 
08 
0A 
00 
00 
00 
01 
00 
00 
00 
00 
 
 
 
F2 
0B 
A4 
06 
96 
D4 
F2 
0B 
A4 
5A 
AD 
38 
86 
DD 
60 
04 
00 
02 
00 
20 
06 
40 
FD 
10 
20 
20 
C5 
C1 
03 
67 
E1 
5F 
7B 
C8 
97 
A3 
CF 
9D 
FD 
10 
20 
20 
C5 
C1 
03 
67 
6A 
24 
60 
C7 
41 
53 
37 
63 
C0 
67 
00 
50 
D1 
F9 
96 
9A 
B8 
A9 
C2 
55 
80 
10 
10 
2C 
ED 
84 
00 
00 
01 
01 
08 
0A 
00 
00 
00 
01 
00 
00 
00 
01 
 
 
 
F2 
0B 
A4 
06 
96 
D4 
F2 
0B 
A4 
5A 
AD 
38 
86 
DD 
60 
04 
00 
02 
00 
88 
06 
40 
FD 
10 
20 
20 
C5 
C1 
03 
67 
E1 
5F 
7B 
C8 
97 
A3 
CF 
9D 
FD 
10 
20 
20 
C5 
C1 
03 
67 
6A 
24 
60 
C7 
41 
53 
37 
63 
C0 
67 
00 
50 
D1 
F9 
96 
9A 
B8 
A9 
C2 
55 
80 
18 
10 
2C 
5C 
D5 
00 
00 
01 
01 
08 
0A 
00 
00 
00 
01 
00 
00 
00 
01 
47 
45 
54 
20 
2F 
20 
48 
54 
54 
50 
2F 
31 
2E 
31 
0D 
0A 
48 
6F 
73 
74 
3A 
20 
5B 
66 
64 
31 
30 
3A 
32 
30 
32 
30 
3A 
63 
35 
63 
31 
3A 
33 
36 
37 
3A 
36 
61 
32 
34 
3A 
36 
30 
63 
37 
3A 
34 
31 
35 
33 
3A 
33 
37 
36 
33 
5D 
0D 
0A 
55 
73 
65 
72 
2D 
41 
67 
65 
6E 
74 
3A 
20 
63 
75 
72 
6C 
2F 
37 
2E 
36 
37 
2E 
30 
0D 
0A 
41 
63 
63 
65 
70 
74 
3A 
20 
2A 
2F 
2A 
0D 
0A 
0D 
0A 
 
 
 
F2 
0B 
A4 
AF 
E6 
55 
F2 
0B 
A4 
5A 
AD 
38 
86 
DD 
60 
00 
DB 
52 
00 
28 
06 
40 
FD 
10 
20 
20 
C5 
C1 
03 
67 
E1 
5F 
7B 
C8 
97 
A3 
CF 
9D 
FD 
10 
20 
20 
C5 
C1 
03 
67 
7D 
24 
39 
6F 
16 
04 
C1 
0D 
C0 
66 
00 
50 
D2 
F0 
0F 
D7 
00 
00 
00 
00 
A0 
02 
80 
00 
05 
D6 
00 
00 
02 
04 
05 
A0 
01 
03 
03 
03 
04 
02 
08 
0A 
00 
00 
00 
01 
00 
00 
00 
00 
 
 
 
F2 
0B 
A4 
AF 
E6 
55 
F2 
0B 
A4 
5A 
AD 
38 
86 
DD 
60 
00 
DB 
52 
00 
28 
06 
40 
FD 
10 
20 
20 
C5 
C1 
03 
67 
E1 
5F 
7B 
C8 
97 
A3 
CF 
9D 
FD 
10 
20 
20 
C5 
C1 
03 
67 
7D 
24 
39 
6F 
16 
04 
C1 
0D 
C0 
66 
00 
50 
D2 
F0 
0F 
D7 
00 
00 
00 
00 
A0 
02 
80 
00 
05 
D6 
00 
00 
02 
04 
05 
A0 
01 
03 
03 
03 
04 
02 
08 
0A 
00 
00 
00 
01 
00 
00 
00 
00 
 
 
 
F2 
0B 
A4 
AF 
E6 
55 
F2 
0B 
A4 
5A 
AD 
38 
86 
DD 
60 
00 
DB 
52 
00 
20 
06 
40 
FD 
10 
20 
20 
C5 
C1 
03 
67 
E1 
5F 
7B 
C8 
97 
A3 
CF 
9D 
FD 
10 
20 
20 
C5 
C1 
03 
67 
7D 
24 
39 
6F 
16 
04 
C1 
0D 
C0 
66 
00 
50 
D2 
F0 
0F 
D8 
2D 
09 
3E 
E8 
80 
10 
10 
2C 
38 
5C 
00 
00 
01 
01 
08 
0A 
00 
00 
00 
01 
00 
00 
00 
01 
 
 
 
F2 
0B 
A4 
FC 
12 
31 
F2 
0B 
A4 
5A 
AD 
38 
86 
DD 
60 
07 
E3 
29 
00 
28 
06 
40 
FD 
10 
20 
20 
C5 
C1 
03 
67 
E1 
5F 
7B 
C8 
97 
A3 
CF 
9D 
FD 
10 
20 
20 
C5 
C1 
03 
67 
30 
15 
A0 
A2 
4F 
7E 
7A 
8C 
C0 
65 
00 
50 
D3 
CE 
36 
5E 
00 
00 
00 
00 
A0 
02 
80 
00 
D1 
54 
00 
00 
02 
04 
05 
A0 
01 
03 
03 
03 
04 
02 
08 
0A 
00 
00 
00 
01 
00 
00 
00 
00 
 
 
 
F2 
0B 
A4 
FC 
12 
31 
F2 
0B 
A4 
5A 
AD 
38 
86 
DD 
60 
07 
E3 
29 
00 
28 
06 
40 
FD 
10 
20 
20 
C5 
C1 
03 
67 
E1 
5F 
7B 
C8 
97 
A3 
CF 
9D 
FD 
10 
20 
20 
C5 
C1 
03 
67 
30 
15 
A0 
A2 
4F 
7E 
7A 
8C 
C0 
65 
00 
50 
D3 
CE 
36 
5E 
00 
00 
00 
00 
A0 
02 
80 
00 
D1 
54 
00 
00 
02 
04 
05 
A0 
01 
03 
03 
03 
04 
02 
08 
0A 
00 
00 
00 
01 
00 
00 
00 
00 
 
 
 
F2 
0B 
A4 
AF 
E6 
55 
F2 
0B 
A4 
5A 
AD 
38 
86 
DD 
60 
00 
DB 
52 
00 
88 
06 
40 
FD 
10 
20 
20 
C5 
C1 
03 
67 
E1 
5F 
7B 
C8 
97 
A3 
CF 
9D 
FD 
10 
20 
20 
C5 
C1 
03 
67 
7D 
24 
39 
6F 
16 
04 
C1 
0D 
C0 
66 
00 
50 
D2 
F0 
0F 
D8 
2D 
09 
3E 
E8 
80 
18 
10 
2C 
4B 
A9 
00 
00 
01 
01 
08 
0A 
00 
00 
00 
01 
00 
00 
00 
01 
47 
45 
54 
20 
2F 
20 
48 
54 
54 
50 
2F 
31 
2E 
31 
0D 
0A 
48 
6F 
73 
74 
3A 
20 
5B 
66 
64 
31 
30 
3A 
32 
30 
32 
30 
3A 
63 
35 
63 
31 
3A 
33 
36 
37 
3A 
37 
64 
32 
34 
3A 
33 
39 
36 
66 
3A 
31 
36 
30 
34 
3A 
63 
31 
30 
64 
5D 
0D 
0A 
55 
73 
65 
72 
2D 
41 
67 
65 
6E 
74 
3A 
20 
63 
75 
72 
6C 
2F 
37 
2E 
36 
37 
2E 
30 
0D 
0A 
41 
63 
63 
65 
70 
74 
3A 
20 
2A 
2F 
2A 
0D 
0A 
0D 
0A 
 
 
 
F2 
0B 
A4 
FC 
12 
31 
F2 
0B 
A4 
5A 
AD 
38 
86 
DD 
60 
07 
E3 
29 
00 
28 
06 
40 
FD 
10 
20 
20 
C5 
C1 
03 
67 
E1 
5F 
7B 
C8 
97 
A3 
CF 
9D 
FD 
10 
20 
20 
C5 
C1 
03 
67 
30 
15 
A0 
A2 
4F 
7E 
7A 
8C 
C0 
65 
00 
50 
D3 
CE 
36 
5E 
00 
00 
00 
00 
A0 
02 
80 
00 
D1 
54 
00 
00 
02 
04 
05 
A0 
01 
03 
03 
03 
04 
02 
08 
0A 
00 
00 
00 
01 
00 
00 
00 
00 
 
 
 
F2 
0B 
A4 
AF 
E6 
55 
F2 
0B 
A4 
5A 
AD 
38 
86 
DD 
60 
00 
DB 
52 
00 
20 
06 
40 
FD 
10 
20 
20 
C5 
C1 
03 
67 
E1 
5F 
7B 
C8 
97 
A3 
CF 
9D 
FD 
10 
20 
20 
C5 
C1 
03 
67 
7D 
24 
39 
6F 
16 
04 
C1 
0D 
C0 
66 
00 
50 
D2 
F0 
10 
40 
2D 
09 
40 
7E 
80 
10 
10 
14 
36 
76 
00 
00 
01 
01 
08 
0A 
00 
00 
00 
01 
00 
00 
00 
01 
 
 
 
F2 
0B 
A4 
AF 
E6 
55 
F2 
0B 
A4 
5A 
AD 
38 
86 
DD 
60 
00 
DB 
52 
00 
20 
06 
40 
FD 
10 
20 
20 
C5 
C1 
03 
67 
E1 
5F 
7B 
C8 
97 
A3 
CF 
9D 
FD 
10 
20 
20 
C5 
C1 
03 
67 
7D 
24 
39 
6F 
16 
04 
C1 
0D 
C0 
66 
00 
50 
D2 
F0 
10 
40 
2D 
09 
40 
7E 
80 
11 
10 
2C 
36 
5D 
00 
00 
01 
01 
08 
0A 
00 
00 
00 
01 
00 
00 
00 
01 
 
 
 
F2 
0B 
A4 
FC 
12 
31 
F2 
0B 
A4 
5A 
AD 
38 
86 
DD 
60 
07 
E3 
29 
00 
20 
06 
40 
FD 
10 
20 
20 
C5 
C1 
03 
67 
E1 
5F 
7B 
C8 
97 
A3 
CF 
9D 
FD 
10 
20 
20 
C5 
C1 
03 
67 
30 
15 
A0 
A2 
4F 
7E 
7A 
8C 
C0 
65 
00 
50 
D3 
CE 
36 
5F 
26 
8B 
4E 
D7 
80 
10 
10 
2C 
FA 
68 
00 
00 
01 
01 
08 
0A 
00 
00 
00 
02 
00 
00 
00 
01 
 
 
 
F2 
0B 
A4 
FC 
12 
31 
F2 
0B 
A4 
5A 
AD 
38 
86 
DD 
60 
07 
E3 
29 
00 
88 
06 
40 
FD 
10 
20 
20 
C5 
C1 
03 
67 
E1 
5F 
7B 
C8 
97 
A3 
CF 
9D 
FD 
10 
20 
20 
C5 
C1 
03 
67 
30 
15 
A0 
A2 
4F 
7E 
7A 
8C 
C0 
65 
00 
50 
D3 
CE 
36 
5F 
26 
8B 
4E 
D7 
80 
18 
10 
2C 
16 
53 
00 
00 
01 
01 
08 
0A 
00 
00 
00 
02 
00 
00 
00 
01 
47 
45 
54 
20 
2F 
20 
48 
54 
54 
50 
2F 
31 
2E 
31 
0D 
0A 
48 
6F 
73 
74 
3A 
20 
5B 
66 
64 
31 
30 
3A 
32 
30 
32 
30 
3A 
63 
35 
63 
31 
3A 
33 
36 
37 
3A 
33 
30 
31 
35 
3A 
61 
30 
61 
32 
3A 
34 
66 
37 
65 
3A 
37 
61 
38 
63 
5D 
0D 
0A 
55 
73 
65 
72 
2D 
41 
67 
65 
6E 
74 
3A 
20 
63 
75 
72 
6C 
2F 
37 
2E 
36 
37 
2E 
30 
0D 
0A 
41 
63 
63 
65 
70 
74 
3A 
20 
2A 
2F 
2A 
0D 
0A 
0D 
0A 
 
 
 
F2 
0B 
A4 
FC 
12 
31 
F2 
0B 
A4 
5A 
AD 
38 
86 
DD 
60 
07 
E3 
29 
00 
2C 
06 
40 
FD 
10 
20 
20 
C5 
C1 
03 
67 
E1 
5F 
7B 
C8 
97 
A3 
CF 
9D 
FD 
10 
20 
20 
C5 
C1 
03 
67 
30 
15 
A0 
A2 
4F 
7E 
7A 
8C 
C0 
65 
00 
50 
D3 
CE 
36 
C7 
26 
8B 
4E 
D7 
B0 
10 
10 
2C 
D9 
24 
00 
00 
01 
01 
08 
0A 
00 
00 
00 
02 
00 
00 
00 
01 
01 
01 
05 
0A 
26 
8B 
4E 
D7 
26 
8B 
4E 
D7 
 
 
 
F2 
0B 
A4 
06 
96 
D4 
F2 
0B 
A4 
5A 
AD 
38 
86 
DD 
60 
04 
00 
02 
00 
20 
06 
40 
FD 
10 
20 
20 
C5 
C1 
03 
67 
E1 
5F 
7B 
C8 
97 
A3 
CF 
9D 
FD 
10 
20 
20 
C5 
C1 
03 
67 
6A 
24 
60 
C7 
41 
53 
37 
63 
C0 
67 
00 
50 
D1 
F9 
97 
02 
B8 
A9 
C3 
2C 
80 
10 
10 
2C 
EC 
43 
00 
00 
01 
01 
08 
0A 
00 
00 
00 
02 
00 
00 
00 
02 
 
 
 
F2 
0B 
A4 
FC 
12 
31 
F2 
0B 
A4 
5A 
AD 
38 
86 
DD 
60 
07 
E3 
29 
00 
2C 
06 
40 
FD 
10 
20 
20 
C5 
C1 
03 
67 
E1 
5F 
7B 
C8 
97 
A3 
CF 
9D 
FD 
10 
20 
20 
C5 
C1 
03 
67 
30 
15 
A0 
A2 
4F 
7E 
7A 
8C 
C0 
65 
00 
50 
D3 
CE 
36 
C7 
26 
8B 
4E 
D7 
B0 
10 
10 
2C 
D9 
24 
00 
00 
01 
01 
08 
0A 
00 
00 
00 
02 
00 
00 
00 
01 
01 
01 
05 
0A 
26 
8B 
4E 
D7 
26 
8B 
4E 
D7 
 
 
 
F2 
0B 
A4 
FC 
12 
31 
F2 
0B 
A4 
5A 
AD 
38 
86 
DD 
60 
07 
E3 
29 
00 
20 
06 
40 
FD 
10 
20 
20 
C5 
C1 
03 
67 
E1 
5F 
7B 
C8 
97 
A3 
CF 
9D 
FD 
10 
20 
20 
C5 
C1 
03 
67 
30 
15 
A0 
A2 
4F 
7E 
7A 
8C 
C0 
65 
00 
50 
D3 
CE 
36 
C7 
26 
8B 
50 
6D 
80 
10 
10 
14 
F8 
81 
00 
00 
01 
01 
08 
0A 
00 
00 
00 
02 
00 
00 
00 
02 
 
 
 
F2 
0B 
A4 
FC 
12 
31 
F2 
0B 
A4 
5A 
AD 
38 
86 
DD 
60 
07 
E3 
29 
00 
20 
06 
40 
FD 
10 
20 
20 
C5 
C1 
03 
67 
E1 
5F 
7B 
C8 
97 
A3 
CF 
9D 
FD 
10 
20 
20 
C5 
C1 
03 
67 
30 
15 
A0 
A2 
4F 
7E 
7A 
8C 
C0 
65 
00 
50 
D3 
CE 
36 
C7 
26 
8B 
50 
6D 
80 
11 
10 
2C 
F8 
68 
00 
00 
01 
01 
08 
0A 
00 
00 
00 
02 
00 
00 
00 
02 
 
 
 
33 
33 
FF 
B0 
45 
2B 
F2 
0B 
A4 
5A 
AD 
38 
86 
DD 
60 
00 
00 
00 
00 
20 
3A 
FF 
FD 
10 
20 
20 
C5 
C1 
03 
67 
E1 
5F 
7B 
C8 
97 
A3 
CF 
9D 
FF 
02 
00 
00 
00 
00 
00 
00 
00 
00 
00 
01 
FF 
B0 
45 
2B 
87 
00 
61 
37 
00 
00 
00 
00 
FD 
10 
20 
20 
C5 
C1 
03 
67 
A4 
1E 
39 
D5 
DA 
B0 
45 
2B 
01 
01 
F2 
0B 
A4 
5A 
AD 
38 
 
 
 
F2 
0B 
A4 
B9 
CE 
6B 
F2 
0B 
A4 
5A 
AD 
38 
86 
DD 
60 
00 
00 
00 
00 
10 
3A 
40 
FD 
10 
20 
20 
C5 
C1 
03 
67 
E1 
5F 
7B 
C8 
97 
A3 
CF 
9D 
FD 
10 
20 
20 
C5 
C1 
03 
67 
7A 
89 
57 
45 
5E 
A9 
07 
E4 
81 
00 
03 
58 
3E 
3C 
5F 
86 
5E 
B1 
D6 
90 
00 
06 
DE 
D8 
 
 
 
